C:\USERS\VENKATESH J N\DOCUMENTS\VISUAL STUDIO 2010\PROJECTS\MAIN\DEBUG\MAIN.EXE
C:\USERS\VENKATESH J N\DOCUMENTS\VISUAL STUDIO 2010\PROJECTS\MAIN\DEBUG\MAIN.ILK
C:\USERS\VENKATESH J N\DOCUMENTS\VISUAL STUDIO 2010\PROJECTS\MAIN\DEBUG\MAIN.PDB
C:\Users\Venkatesh J N\Documents\Visual Studio 2010\Projects\main\main\Debug\cl.command.1.tlog
C:\Users\Venkatesh J N\Documents\Visual Studio 2010\Projects\main\main\Debug\CL.read.1.tlog
C:\Users\Venkatesh J N\Documents\Visual Studio 2010\Projects\main\main\Debug\CL.write.1.tlog
C:\USERS\VENKATESH J N\DOCUMENTS\VISUAL STUDIO 2010\PROJECTS\MAIN\MAIN\DEBUG\IMAGELOADER.OBJ
C:\Users\Venkatesh J N\Documents\Visual Studio 2010\Projects\main\main\Debug\link.1316.read.1.tlog
C:\Users\Venkatesh J N\Documents\Visual Studio 2010\Projects\main\main\Debug\link.1316.write.1.tlog
C:\Users\Venkatesh J N\Documents\Visual Studio 2010\Projects\main\main\Debug\link.1316-cvtres.read.1.tlog
C:\Users\Venkatesh J N\Documents\Visual Studio 2010\Projects\main\main\Debug\link.1316-cvtres.write.1.tlog
C:\Users\Venkatesh J N\Documents\Visual Studio 2010\Projects\main\main\Debug\link.command.1.tlog
C:\Users\Venkatesh J N\Documents\Visual Studio 2010\Projects\main\main\Debug\link.read.1.tlog
C:\Users\Venkatesh J N\Documents\Visual Studio 2010\Projects\main\main\Debug\link.write.1.tlog
C:\Users\Venkatesh J N\Documents\Visual Studio 2010\Projects\main\main\Debug\link-cvtres.read.1.tlog
C:\Users\Venkatesh J N\Documents\Visual Studio 2010\Projects\main\main\Debug\link-cvtres.write.1.tlog
C:\USERS\VENKATESH J N\DOCUMENTS\VISUAL STUDIO 2010\PROJECTS\MAIN\MAIN\DEBUG\MAIN.EXE.EMBED.MANIFEST
C:\USERS\VENKATESH J N\DOCUMENTS\VISUAL STUDIO 2010\PROJECTS\MAIN\MAIN\DEBUG\MAIN.EXE.EMBED.MANIFEST.RES
C:\USERS\VENKATESH J N\DOCUMENTS\VISUAL STUDIO 2010\PROJECTS\MAIN\MAIN\DEBUG\MAIN.EXE.INTERMEDIATE.MANIFEST
C:\USERS\VENKATESH J N\DOCUMENTS\VISUAL STUDIO 2010\PROJECTS\MAIN\MAIN\DEBUG\MAIN.OBJ
C:\USERS\VENKATESH J N\DOCUMENTS\VISUAL STUDIO 2010\PROJECTS\MAIN\MAIN\DEBUG\MAIN.PCH
C:\Users\Venkatesh J N\Documents\Visual Studio 2010\Projects\main\main\Debug\main_manifest.rc
C:\Users\Venkatesh J N\Documents\Visual Studio 2010\Projects\main\main\Debug\mt.command.1.tlog
C:\Users\Venkatesh J N\Documents\Visual Studio 2010\Projects\main\main\Debug\mt.read.1.tlog
C:\Users\Venkatesh J N\Documents\Visual Studio 2010\Projects\main\main\Debug\mt.write.1.tlog
C:\Users\Venkatesh J N\Documents\Visual Studio 2010\Projects\main\main\Debug\rc.command.1.tlog
C:\Users\Venkatesh J N\Documents\Visual Studio 2010\Projects\main\main\Debug\rc.read.1.tlog
C:\Users\Venkatesh J N\Documents\Visual Studio 2010\Projects\main\main\Debug\rc.write.1.tlog
C:\USERS\VENKATESH J N\DOCUMENTS\VISUAL STUDIO 2010\PROJECTS\MAIN\MAIN\DEBUG\STDAFX.OBJ
C:\Users\Venkatesh J N\Documents\Visual Studio 2010\Projects\main\main\Debug\vc100.idb
C:\USERS\VENKATESH J N\DOCUMENTS\VISUAL STUDIO 2010\PROJECTS\MAIN\MAIN\DEBUG\VC100.PDB
